==================================================
DATE : 2026-07-11 18:03:36
TO : descarteskoffi2@gmail.com
SUBJECT : Votre proposition de voyage au Bénin est prête !
BODY :
Bonjour koffi descartes,

Nous avons traité votre demande de planification pour votre visite de : Centre Songhaï à Porto-Novo.

Notre équipe vous a sélectionné un chauffeur-guide local qualifié (et un hébergement si demandé).

Veuillez consulter les détails de notre proposition et procéder au paiement par FedaPay pour confirmer votre voyage en cliquant sur le lien ci-dessous :
http://localhost/benin_tourism_2.0/payer_visite.php?token=c73855176d7231dba8105c217c341ef1fe6e4d7c46dedd7c7766dffc28dc5a0e

À très bientôt au Bénin !
L'équipe Bénin Tourisme.
==================================================

==================================================
DATE : 2026-07-11 18:22:51
TO : descarteskoffi2@gmail.com
SUBJECT : Votre proposition de voyage au Bénin est prête !
BODY :
Bonjour koffi descartes,

Nous avons traité votre demande de planification pour votre visite de : Centre Songhaï à Porto-Novo.

Notre équipe vous a sélectionné un chauffeur-guide local qualifié (et un hébergement si demandé).

Veuillez consulter les détails de notre proposition et procéder au paiement par FedaPay pour confirmer votre voyage en cliquant sur le lien ci-dessous :
http://localhost/benin_tourism_2.0/payer_visite.php?token=5ea87a6be618ce8741dc249b41ada725d4b05591a37d544ddd6610bcbc6a1d76

À très bientôt au Bénin !
L'équipe Bénin Tourisme.
==================================================

==================================================
DATE : 2026-07-11 18:27:01
TO : joananpuwatin6@gmail.com
SUBJECT : Votre proposition de voyage au Bénin est prête !
BODY :
Bonjour joana NOUWATIN,

Nous avons traité votre demande de planification pour votre visite de : Centre Songhaï à Porto-Novo.

Notre équipe vous a sélectionné un chauffeur-guide local qualifié (et un hébergement si demandé).

Veuillez consulter les détails de notre proposition et procéder au paiement par FedaPay pour confirmer votre voyage en cliquant sur le lien ci-dessous :
http://localhost/benin_tourism_2.0/payer_visite.php?token=a53794339ea259f2eb829c86100aadd9ded181ef2dbdc6a2f02ec7fbc0f62963

À très bientôt au Bénin !
L'équipe Bénin Tourisme.
==================================================

==================================================
DATE : 2026-07-11 18:30:20
TO : joananouwatin6@gmail.com
SUBJECT : Votre proposition de voyage au Bénin est prête !
BODY :
Bonjour joana NOUWATIN,

Nous avons traité votre demande de planification pour votre visite de : Centre Songhaï à Porto-Novo.

Notre équipe vous a sélectionné un chauffeur-guide local qualifié (et un hébergement si demandé).

Veuillez consulter les détails de notre proposition et procéder au paiement par FedaPay pour confirmer votre voyage en cliquant sur le lien ci-dessous :
http://localhost/benin_tourism_2.0/payer_visite.php?token=9864c401ad29530fa979b9a9bd208b9a36e2ec0a46d813ecf48b4a7a6092030c

À très bientôt au Bénin !
L'équipe Bénin Tourisme.
==================================================

==================================================
DATE : 2026-07-11 18:47:18
TO : joananouwatin6@gmail.com
SUBJECT : Votre proposition de voyage au Bénin est prête !
BODY :
Bonjour joana NOUWATIN,

Nous avons traité votre demande de planification pour votre visite de : Cité lacustre de Ganvié.

Notre équipe vous a sélectionné un chauffeur-guide local qualifié (et un hébergement si demandé).

Veuillez consulter les détails de notre proposition et procéder au paiement par FedaPay pour confirmer votre voyage en cliquant sur le lien ci-dessous :
http://localhost:2000\/payer_visite.php?token=c0d6fc1884065ad832cc720cda63b1aca5b97b2109f96ced8cd6e0e74f7027d8

À très bientôt au Bénin !
L'équipe Bénin Tourisme.
==================================================

==================================================
DATE : 2026-07-11 19:12:13
TO : descarteskoffi2@gmail.com
SUBJECT : Votre proposition de voyage au Bénin est prête !
BODY :
Bonjour koffi descartes,

Nous avons traité votre demande de planification pour votre visite de : Les Chutes de Kota.

Notre équipe vous a sélectionné un chauffeur-guide local qualifié (et un hébergement si demandé).

Veuillez consulter les détails de notre proposition et procéder au paiement par FedaPay pour confirmer votre voyage en cliquant sur le lien ci-dessous :
http://localhost\/payer_visite.php?token=9108fd851fef8c781140454634339cc2507c103ba218108c53e299132ad76aa1

À très bientôt au Bénin !
L'équipe Bénin Tourisme.
==================================================

==================================================
DATE : 2026-07-12 15:42:51
TO : descarteskoffi2@gmail.com
SUBJECT : Votre proposition de voyage au Bénin est prête !
BODY :
Bonjour koffi descartes,

Nous avons traité votre demande de planification pour votre visite de : Palais Royaux d'Abomey.

Notre équipe vous a sélectionné un chauffeur-guide local qualifié (et un hébergement si demandé).

Veuillez consulter les détails de notre proposition et procéder au paiement par FedaPay pour confirmer votre voyage en cliquant sur le lien ci-dessous :
http://localhost:2000\/payer_visite.php?token=5cc495ca4b8375b476b32300d83496a9de4ce5fe747658611f2c4b3d5f2e29f8

À très bientôt au Bénin !
L'équipe Bénin Tourisme.
==================================================

==================================================
DATE : 2026-07-12 16:02:01
TO : reservation@pendjari-auberge.bj
SUBJECT : Nouvelle demande de réservation pour : Auberge de la Pendjari
BODY :
Bonjour,

Une nouvelle demande de réservation a été enregistrée sur le site Bénin Tourisme & Services :

--- INFORMATIONS CLIENT ---
Nom : koffi descartes
Email : descarteskoffi2@gmail.com
Téléphone : 0165090839

--- INFORMATIONS SÉJOUR ---
Établissement : Auberge de la Pendjari
Date d'arrivée : 2026-07-13
Date de départ : 2026-07-16
Nombre de personnes : 1
Message / Demandes : 

Veuillez vous connecter au back-office d'administration pour traiter cette demande.
L'équipe Bénin Tourisme.
==================================================

==================================================
DATE : 2026-07-12 16:02:04
TO : descarteskoffi2@gmail.com
SUBJECT : Confirmation de votre demande - Bénin Tourisme
BODY :
Bonjour koffi descartes,

Votre demande de réservation pour l'hébergement Auberge de la Pendjari du 2026-07-13 au 2026-07-16 a bien été reçue.

Notre équipe validera la disponibilité et vous recontactera sous 24h par e-mail avec un lien de paiement pour confirmer votre réservation.

Cordialement,
L'équipe Bénin Tourisme.
==================================================

==================================================
DATE : 2026-07-12 16:04:28
TO : descarteskoffi2@gmail.com
SUBJECT : Votre demande d'hébergement - Lien de paiement
BODY :
Bonjour koffi descartes,

Nous vous confirmons la disponibilité de l'hébergement [Auberge de la Pendjari] pour votre séjour du 13/07/2026 au 16/07/2026.

Veuillez finaliser votre réservation en payant par FedaPay via le lien suivant :
http://localhost:2000\/payer_visite.php?token=ff88a3f461874e8e27d3e38a48fbcdb8293641bf3d900b8042b1202728a059f7

Cordialement,
L'équipe Bénin Tourisme.
==================================================

==================================================
DATE : 2026-07-12 19:06:01
TO : reservation@pendjari-auberge.bj
SUBJECT : Nouvelle demande de réservation pour : Auberge de la Pendjari
BODY :
Bonjour,

Une nouvelle demande de réservation a été enregistrée sur le site Bénin Tourisme & Services :

--- INFORMATIONS CLIENT ---
Nom : koffi descartes
Email : descarteskoffi2@gmail.com
Téléphone : 0165090839

--- INFORMATIONS SÉJOUR ---
Établissement : Auberge de la Pendjari
Chambre : Confort
Date d'arrivée : 2026-07-13
Date de départ : 2026-07-14
Nombre de personnes : 1
Message / Demandes : hsdjkfbk,l

Veuillez vous connecter au back-office d'administration pour traiter cette demande.
L'équipe Bénin Tourisme.
==================================================

==================================================
DATE : 2026-07-12 19:06:05
TO : descarteskoffi2@gmail.com
SUBJECT : Confirmation de votre demande - Bénin Tourisme
BODY :
Bonjour koffi descartes,

Votre demande de réservation pour l'hébergement Auberge de la Pendjari (Chambre Confort) du 2026-07-13 au 2026-07-14 a bien été reçue.

Notre équipe validera la disponibilité et vous recontactera sous 24h par e-mail avec un lien de paiement pour confirmer votre réservation.

Cordialement,
L'équipe Bénin Tourisme.
==================================================

==================================================
DATE : 2026-07-12 19:06:08
TO : reservation@pendjari-auberge.bj
SUBJECT : Nouvelle demande de réservation pour : Auberge de la Pendjari
BODY :
Bonjour,

Une nouvelle demande de réservation a été enregistrée sur le site Bénin Tourisme & Services :

--- INFORMATIONS CLIENT ---
Nom : koffi descartes
Email : descarteskoffi2@gmail.com
Téléphone : 0165090839

--- INFORMATIONS SÉJOUR ---
Établissement : Auberge de la Pendjari
Chambre : Confort
Date d'arrivée : 2026-07-13
Date de départ : 2026-07-14
Nombre de personnes : 1
Message / Demandes : hsdjkfbk,l

Veuillez vous connecter au back-office d'administration pour traiter cette demande.
L'équipe Bénin Tourisme.
==================================================

==================================================
DATE : 2026-07-12 19:06:10
TO : descarteskoffi2@gmail.com
SUBJECT : Confirmation de votre demande - Bénin Tourisme
BODY :
Bonjour koffi descartes,

Votre demande de réservation pour l'hébergement Auberge de la Pendjari (Chambre Confort) du 2026-07-13 au 2026-07-14 a bien été reçue.

Notre équipe validera la disponibilité et vous recontactera sous 24h par e-mail avec un lien de paiement pour confirmer votre réservation.

Cordialement,
L'équipe Bénin Tourisme.
==================================================

==================================================
DATE : 2026-07-12 19:06:13
TO : reservation@pendjari-auberge.bj
SUBJECT : Nouvelle demande de réservation pour : Auberge de la Pendjari
BODY :
Bonjour,

Une nouvelle demande de réservation a été enregistrée sur le site Bénin Tourisme & Services :

--- INFORMATIONS CLIENT ---
Nom : koffi descartes
Email : descarteskoffi2@gmail.com
Téléphone : 0165090839

--- INFORMATIONS SÉJOUR ---
Établissement : Auberge de la Pendjari
Chambre : Confort
Date d'arrivée : 2026-07-13
Date de départ : 2026-07-14
Nombre de personnes : 1
Message / Demandes : hsdjkfbk,l

Veuillez vous connecter au back-office d'administration pour traiter cette demande.
L'équipe Bénin Tourisme.
==================================================

==================================================
DATE : 2026-07-12 19:06:16
TO : descarteskoffi2@gmail.com
SUBJECT : Confirmation de votre demande - Bénin Tourisme
BODY :
Bonjour koffi descartes,

Votre demande de réservation pour l'hébergement Auberge de la Pendjari (Chambre Confort) du 2026-07-13 au 2026-07-14 a bien été reçue.

Notre équipe validera la disponibilité et vous recontactera sous 24h par e-mail avec un lien de paiement pour confirmer votre réservation.

Cordialement,
L'équipe Bénin Tourisme.
==================================================

==================================================
DATE : 2026-07-12 19:13:02
TO : descarteskoffi2@gmail.com
SUBJECT : Confirmation de votre trajet - Chauffeur : Christelle
BODY :
Bonjour koffi descartes,

Votre demande de chauffeur-guide a bien été enregistrée pour votre trajet : cotonou.

Voici le détail de votre facture :
---------------------------------------------------------
- Location de voiture (Suzuki Ertiga - Economique) :
  10 800 FCFA / jour x 1 jours = 10 800 FCFA
- Prestation Chauffeur (Christelle Lawson) :
  7 200 FCFA / jour x 1 jours = 7 200 FCFA
- Frais de service de la plateforme Bénin Tourisme :
  3 000 FCFA
---------------------------------------------------------
MONTANT TOTAL : 21 000 FCFA

Pour valider et procéder au paiement sécurisé via FedaPay (Mobile Money MTN / Moov ou Carte Bancaire), veuillez cliquer sur le lien ci-dessous :
http://localhost:2000\/payer_visite.php?token=022e99fe1218656d4c482319431ceb92c9ff009b8cd69db09b0347bd610343c3

Bon voyage !
L'équipe Bénin Tourisme.
==================================================

==================================================
DATE : 2026-07-12 19:13:05
TO : descarteskoffi2@gmail.com
SUBJECT : Confirmation de votre trajet - Chauffeur : Christelle
BODY :
Bonjour koffi descartes,

Votre demande de chauffeur-guide a bien été enregistrée pour votre trajet : cotonou.

Voici le détail de votre facture :
---------------------------------------------------------
- Location de voiture (Suzuki Ertiga - Economique) :
  10 800 FCFA / jour x 1 jours = 10 800 FCFA
- Prestation Chauffeur (Christelle Lawson) :
  7 200 FCFA / jour x 1 jours = 7 200 FCFA
- Frais de service de la plateforme Bénin Tourisme :
  3 000 FCFA
---------------------------------------------------------
MONTANT TOTAL : 21 000 FCFA

Pour valider et procéder au paiement sécurisé via FedaPay (Mobile Money MTN / Moov ou Carte Bancaire), veuillez cliquer sur le lien ci-dessous :
http://localhost:2000\/payer_visite.php?token=a71d1b71fc1d787e9bfaacd2039b9b49b76776f4c9906c92527f420d0bf285d5

Bon voyage !
L'équipe Bénin Tourisme.
==================================================

==================================================
DATE : 2026-07-12 19:30:44
TO : descarteskoffi2@gmail.com
SUBJECT : Confirmation de votre trajet - Chauffeur : Jean-Albert
BODY :
Bonjour koffi descartes,

Votre demande de chauffeur-guide a bien été enregistrée pour votre trajet : cotonou.

Voici le détail de votre facture :
---------------------------------------------------------
- Location de voiture (Toyota RAV4 - Confort) :
  9 000 FCFA / jour x 1 jours = 9 000 FCFA
- Prestation Chauffeur (Jean-Albert Dossou) :
  6 000 FCFA / jour x 1 jours = 6 000 FCFA
- Frais de service de la plateforme Bénin Tourisme :
  3 000 FCFA
---------------------------------------------------------
MONTANT TOTAL : 18 000 FCFA

Pour valider et procéder au paiement sécurisé via FedaPay (Mobile Money MTN / Moov ou Carte Bancaire), veuillez cliquer sur le lien ci-dessous :
http://localhost:2000\/payer_visite.php?token=c72a1a4607f02aa16e01a04110838991dba7957c9b016ab0ed3fe9d2208c6465

Bon voyage !
L'équipe Bénin Tourisme.
==================================================

==================================================
DATE : 2026-07-13 08:50:37
TO : descarteskoffi2@gmail.com
SUBJECT : Votre proposition de voyage au Bénin est prête !
BODY :
Bonjour joana,

Nous avons traité votre demande de planification pour votre visite de : Centre Songhaï à Porto-Novo.

Notre équipe vous a sélectionné un chauffeur-guide local qualifié (et un hébergement si demandé).

Veuillez consulter les détails de notre proposition et procéder au paiement par FedaPay pour confirmer votre voyage en cliquant sur le lien ci-dessous :
http://localhost:1111\/payer_visite.php?token=5d194814d1436ff0094b058968d669fd53c54a6cbdb99676ab5a57a618d40b7b

À très bientôt au Bénin !
L'équipe Bénin Tourisme.
==================================================

